 $ Running output-check.js
------- Testing console methods for basic functionality -------
 --- console.assert(true, "should not be logged");
 --- console.assert(false, "Failed assertion logged.", "one", "two", 3);
Assertion failed: Failed assertion logged. one two 3
 --- console.assert(console.assert(true) == undefined);
 --- console.log("does this appear?");
does this appear?
 --- console.group("foo");
foo
   --- console.log("should not appear");
  should not appear
   --- console.clear();
   --- console.debug("debug");
  debug
   --- console.error("error");
  error
   --- console.info("info");
  info
   --- console.log("log");
  log
   --- console.warn("warn");
  warn
   --- console.groupEnd();
 --- tracedfoo();
Trace
    at tracedbar (~/js-console-tests/output-check.js:60:15)
    at tracedfoo (~/js-console-tests/output-check.js:62:5)
    at test_console_methods_basic (~/js-console-tests/output-check.js:66:3)
    at Object.<anonymous> (~/js-console-tests/output-check.js:232:1)
    at Module._compile (node:internal/modules/cjs/loader:1255:14)
    at Module._extensions..js (node:internal/modules/cjs/loader:1309:10)
    at Module.load (node:internal/modules/cjs/loader:1113:32)
    at Module._load (node:internal/modules/cjs/loader:960:12)
    at Function.executeUserEntryPoint [as runMain] (node:internal/modules/run_main:83:12)
    at node:internal/main/run_main_module:23:47
 --- console.dir(["dir", 2]);
[ 'dir', 2 ]
 --- console.dirxml([1,2], "default", null);
[ 1, 2 ] default null
 --- console.group("bar");
bar
   --- console.groupCollapsed("baz");
  baz
     --- console.groupEnd();
   --- console.groupEnd();
------- Testing formatter -------
 --- console.log("%f", 23);
23
 --- console.log('bjoern and robert are born on the %fst dec', 1.234);
bjoern and robert are born on the 1.234st dec
 --- console.log("%f", null);
NaN
 --- console.log("%d", null);
0
 --- console.log('bjoern and robert are born on the %dst dec', "foo");
bjoern and robert are born on the NaNst dec
 --- console.log("%s %snewword", "duck");
duck %snewword
 --- console.assert(false, "robert keeps %s on his balcony", "plaices");
Assertion failed: robert keeps plaices on his balcony
 --- console.assert(false, "robert keeps %s on his balcony", {foo: "bar"});
Assertion failed: robert keeps { foo: 'bar' } on his balcony
------- Testing console.count -------
 --- console.count();
default: 1
 --- console.countReset("default");
 --- console.count("default");
default: 1
 --- console.count('foo');
foo: 1
 --- console.count('foo');
foo: 2
 --- console.count({});
[object Object]: 1
 --- console.count([]);
: 1
 --- console.count();
default: 2
 --- console.count("");
: 2
 --- console.count(null);
null: 1
 --- console.count(undefined);
default: 3
------- Testing console.time -------
 --- console.time();
 --- console.time(undefined);
 --- console.time(null);
------- Testing console.timeLog -------
 --- console.timeLog();
default: 0.416ms
 --- console.timeLog(undefined);
default: 0.561ms
 --- console.timeLog(null);
null: 0.333ms
------- Testing console.timeEnd -------
 --- console.timeEnd();
default: 0.723ms
 --- console.timeEnd(null);
null: 0.488ms
 --- console.timeEnd(undefined);
 --- Finish testing console.time
------- Testing console.table -------
 --- console.table("the plaice living on the balcony");
the plaice living on the balcony
 --- console.table(new Set([{name: "terin", owner: false}, {name: "robert", owner: false}, {name: "domenic", owner: true}]));
┌───────────────────┬──────────────────────────────────┐
│ (iteration index) │              Values              │
├───────────────────┼──────────────────────────────────┤
│         0         │ { name: 'terin', owner: false }  │
│         1         │ { name: 'robert', owner: false } │
│         2         │ { name: 'domenic', owner: true } │
└───────────────────┴──────────────────────────────────┘
 --- console.table([[1, 2, 3, 4], [5, 6, 7, 8]], 2, 3);
node:internal/validators:289
    throw new ERR_INVALID_ARG_TYPE(name, 'Array', value);
    ^

TypeError [ERR_INVALID_ARG_TYPE]: The "properties" argument must be an instance of Array. Received type number (2)
    at console.table (node:internal/console/constructor:503:7)
    at test_console_table (~/js-console-tests/output-check.js:143:11)
    at Object.<anonymous> (~/js-console-tests/output-check.js:239:1)
    at Module._compile (node:internal/modules/cjs/loader:1255:14)
    at Module._extensions..js (node:internal/modules/cjs/loader:1309:10)
    at Module.load (node:internal/modules/cjs/loader:1113:32)
    at Module._load (node:internal/modules/cjs/loader:960:12)
    at Function.executeUserEntryPoint [as runMain] (node:internal/modules/run_main:83:12)
    at node:internal/main/run_main_module:23:47 {
  code: 'ERR_INVALID_ARG_TYPE'
}

Node.js v20.3.0
 $ Running wpt4repl/console-count-logging-REPL-output.js
** Checking console.count
   It should contain four entries whose contents are:
   default: 1
   default: 2
   default: 3
   default: 4
   --- Test start --- 
default: 1
default: 2
default: 3
default: 4
   --- Test end --- 
 $ Running wpt4repl/console-countReset-logging-REPL-output.js
** Checking console.countReset
   It should contain entries whose contents are:
   default: 1
   default: 1
   default: 1
   default: 1
   default: 1
   default: 1
   default: 1
   default: 1
   a label: 1
   a label: 1
   [some warning message indicating that a count for label "b" does not exist]
   --- Test start --- 
default: 1
default: 1
default: 2
default: 1
default: 2
default: 1
default: 2
default: 3
a label: 1
a label: 2
   --- Test end --- 
(node:185018) Warning: Count for 'default' does not exist
(Use `node --trace-warnings ...` to show where the warning was created)
(node:185018) Warning: Count for 'b' does not exist
 $ Running wpt4repl/console-log-shadowrealm-REPL-output.js
** Checking log in a new ShadowRealm
   It should contain one entry saying "test passed".
   --- Test start --- 
~/js-console-tests/wpt4repl/console-log-shadowrealm-REPL-output.js:10
const sr = new ShadowRealm();
           ^

ReferenceError: ShadowRealm is not defined
    at Object.<anonymous> (~/js-console-tests/wpt4repl/console-log-shadowrealm-REPL-output.js:10:12)
    at Module._compile (node:internal/modules/cjs/loader:1255:14)
    at Module._extensions..js (node:internal/modules/cjs/loader:1309:10)
    at Module.load (node:internal/modules/cjs/loader:1113:32)
    at Module._load (node:internal/modules/cjs/loader:960:12)
    at Function.executeUserEntryPoint [as runMain] (node:internal/modules/run_main:83:12)
    at node:internal/main/run_main_module:23:47

Node.js v20.3.0
 $ Running wpt4repl/console-timing-logging-REPL-output.js
** Checking console timing methods
   It should contain entries whose contents are:
   default: <some time>
   default: <some time>
   default: <some time>
   default: <some time> extra data
   default: <some time>
   default: <some time>
   default: <some time> extra data
   default: <some time>
   default: <some time>
   default: <some time> extra data
   default: <some time>
   custom toString(): <some time>
   custom toString(): <some time> extra data
   custom toString(): <some time>
   a label: <some time>
   a label: <some time> extra data
   a label: <some time>
   [some warning message indicating that a timer for label "b" does not exist]
   --- Test start --- 
default: 0.086ms
default: 0.346ms
default: 0.004ms
default: 0.051ms extra data
default: 0.089ms
default: 0.003ms
default: 0.04ms extra data
default: 0.079ms
default: 0.013ms
default: 0.072ms extra data
default: 0.142ms
custom toString(): 0.013ms
custom toString(): 0.084ms extra data
custom toString(): 0.248ms
a label: 0.016ms
a label: 0.055ms extra data
a label: 0.099ms
   --- Test end --- 
(node:185038) Warning: No such label 'b' for console.timeLog()
(Use `node --trace-warnings ...` to show where the warning was created)
(node:185038) Warning: No such label 'b' for console.timeEnd()
 $ Running wpt4repl/console-number-format-specifiers-symbol-REPL-output.js
** Checking formatter and format specifiers
   It should contain 15 entries, each of which are:
   NaN
   --- Test start --- 
   --- Testing log
NaN
NaN
NaN
   --- Testing dirxml
NaN
NaN
NaN
   --- Testing trace
Trace: NaN
    at Object.<anonymous> (~/js-console-tests/wpt4repl/console-number-format-specifiers-symbol-REPL-output.js:16:18)
    at Module._compile (node:internal/modules/cjs/loader:1255:14)
    at Module._extensions..js (node:internal/modules/cjs/loader:1309:10)
    at Module.load (node:internal/modules/cjs/loader:1113:32)
    at Module._load (node:internal/modules/cjs/loader:960:12)
    at Function.executeUserEntryPoint [as runMain] (node:internal/modules/run_main:83:12)
    at node:internal/main/run_main_module:23:47
Trace: NaN
    at Object.<anonymous> (~/js-console-tests/wpt4repl/console-number-format-specifiers-symbol-REPL-output.js:18:18)
    at Module._compile (node:internal/modules/cjs/loader:1255:14)
    at Module._extensions..js (node:internal/modules/cjs/loader:1309:10)
    at Module.load (node:internal/modules/cjs/loader:1113:32)
    at Module._load (node:internal/modules/cjs/loader:960:12)
    at Function.executeUserEntryPoint [as runMain] (node:internal/modules/run_main:83:12)
    at node:internal/main/run_main_module:23:47
Trace: NaN
    at Object.<anonymous> (~/js-console-tests/wpt4repl/console-number-format-specifiers-symbol-REPL-output.js:20:18)
    at Module._compile (node:internal/modules/cjs/loader:1255:14)
    at Module._extensions..js (node:internal/modules/cjs/loader:1309:10)
    at Module.load (node:internal/modules/cjs/loader:1113:32)
    at Module._load (node:internal/modules/cjs/loader:960:12)
    at Function.executeUserEntryPoint [as runMain] (node:internal/modules/run_main:83:12)
    at node:internal/main/run_main_module:23:47
   --- Testing group
NaN
NaN
NaN
   --- Testing groupCollapsed
NaN
NaN
NaN
   --- Test end --- 
 $ Running wpt4repl/console-number-format-specifiers-symbol--deno-REPL-output.js
** Checking formatter and format specifiers
   It should contain 15 entries, each of which are:
   NaN
   --- Test start --- 
   --- Test using `for (let method ...)` --- 
Testing log
NaN
NaN
NaN
Testing dirxml
NaN
NaN
NaN
Testing trace
Trace: NaN
    at Object.<anonymous> (~/js-console-tests/wpt4repl/console-number-format-specifiers-symbol--deno-REPL-output.js:19:18)
    at Module._compile (node:internal/modules/cjs/loader:1255:14)
    at Module._extensions..js (node:internal/modules/cjs/loader:1309:10)
    at Module.load (node:internal/modules/cjs/loader:1113:32)
    at Module._load (node:internal/modules/cjs/loader:960:12)
    at Function.executeUserEntryPoint [as runMain] (node:internal/modules/run_main:83:12)
    at node:internal/main/run_main_module:23:47
Trace: NaN
    at Object.<anonymous> (~/js-console-tests/wpt4repl/console-number-format-specifiers-symbol--deno-REPL-output.js:21:18)
    at Module._compile (node:internal/modules/cjs/loader:1255:14)
    at Module._extensions..js (node:internal/modules/cjs/loader:1309:10)
    at Module.load (node:internal/modules/cjs/loader:1113:32)
    at Module._load (node:internal/modules/cjs/loader:960:12)
    at Function.executeUserEntryPoint [as runMain] (node:internal/modules/run_main:83:12)
    at node:internal/main/run_main_module:23:47
Trace: NaN
    at Object.<anonymous> (~/js-console-tests/wpt4repl/console-number-format-specifiers-symbol--deno-REPL-output.js:23:18)
    at Module._compile (node:internal/modules/cjs/loader:1255:14)
    at Module._extensions..js (node:internal/modules/cjs/loader:1309:10)
    at Module.load (node:internal/modules/cjs/loader:1113:32)
    at Module._load (node:internal/modules/cjs/loader:960:12)
    at Function.executeUserEntryPoint [as runMain] (node:internal/modules/run_main:83:12)
    at node:internal/main/run_main_module:23:47
Testing group
NaN
NaN
NaN
Testing groupCollapsed
NaN
NaN
NaN
   --- Test using `for (const method ...)` --- 
Testing log
NaN
NaN
NaN
Testing dirxml
NaN
NaN
NaN
Testing trace
Trace: NaN
    at Object.<anonymous> (~/js-console-tests/wpt4repl/console-number-format-specifiers-symbol--deno-REPL-output.js:31:18)
    at Module._compile (node:internal/modules/cjs/loader:1255:14)
    at Module._extensions..js (node:internal/modules/cjs/loader:1309:10)
    at Module.load (node:internal/modules/cjs/loader:1113:32)
    at Module._load (node:internal/modules/cjs/loader:960:12)
    at Function.executeUserEntryPoint [as runMain] (node:internal/modules/run_main:83:12)
    at node:internal/main/run_main_module:23:47
Trace: NaN
    at Object.<anonymous> (~/js-console-tests/wpt4repl/console-number-format-specifiers-symbol--deno-REPL-output.js:33:18)
    at Module._compile (node:internal/modules/cjs/loader:1255:14)
    at Module._extensions..js (node:internal/modules/cjs/loader:1309:10)
    at Module.load (node:internal/modules/cjs/loader:1113:32)
    at Module._load (node:internal/modules/cjs/loader:960:12)
    at Function.executeUserEntryPoint [as runMain] (node:internal/modules/run_main:83:12)
    at node:internal/main/run_main_module:23:47
Trace: NaN
    at Object.<anonymous> (~/js-console-tests/wpt4repl/console-number-format-specifiers-symbol--deno-REPL-output.js:35:18)
    at Module._compile (node:internal/modules/cjs/loader:1255:14)
    at Module._extensions..js (node:internal/modules/cjs/loader:1309:10)
    at Module.load (node:internal/modules/cjs/loader:1113:32)
    at Module._load (node:internal/modules/cjs/loader:960:12)
    at Function.executeUserEntryPoint [as runMain] (node:internal/modules/run_main:83:12)
    at node:internal/main/run_main_module:23:47
Testing group
NaN
NaN
NaN
Testing groupCollapsed
NaN
NaN
NaN
   --- Test end --- 
 $ Running wpt4repl/console-string-format-specifier-symbol-REPL-output.js
** Checking console string format specifier with Symbol
   It should contain five entries, each of which are:
   Symbol(description)
   --- Test start --- 
Symbol(description)
Symbol(description)
Trace: Symbol(description)
    at Object.<anonymous> (~/js-console-tests/wpt4repl/console-string-format-specifier-symbol-REPL-output.js:13:9)
    at Module._compile (node:internal/modules/cjs/loader:1255:14)
    at Module._extensions..js (node:internal/modules/cjs/loader:1309:10)
    at Module.load (node:internal/modules/cjs/loader:1113:32)
    at Module._load (node:internal/modules/cjs/loader:960:12)
    at Function.executeUserEntryPoint [as runMain] (node:internal/modules/run_main:83:12)
    at node:internal/main/run_main_module:23:47
Symbol(description)
Symbol(description)
   --- Test end --- 
 $ ----------- Finished running test files.
 $ --------- Output tests completed.
