 $ Running output-check.js
------- Testing console methods for basic functionality -------
 --- console.assert(true, "should not be logged");
 --- console.assert(false, "Failed assertion logged.", "one", "two", 3);
Assertion failed: Failed assertion logged. one two 3
 --- console.assert(console.assert(true) == undefined);
 --- console.log("does this appear?");
does this appear?
 --- console.group("foo");
foo
     --- console.log("should not appear");
    should not appear
     --- console.clear();
[1;1H[0J --- console.debug("debug");
debug
 --- console.error("error");
error
 --- console.info("info");
info
 --- console.log("log");
log
 --- console.warn("warn");
warn
 --- console.groupEnd();
 --- tracedfoo();
Trace
    at tracedbar (file://~/js-console-tests/output-check.js:60:15)
    at tracedfoo (file://~/js-console-tests/output-check.js:62:5)
    at test_console_methods_basic (file://~/js-console-tests/output-check.js:66:3)
    at file://~/js-console-tests/output-check.js:232:1
 --- console.dir(["dir", 2]);
[ "dir", 2 ]
 --- console.dirxml([1,2], "default", null);
[ 1, 2 ]
 --- console.group("bar");
bar
     --- console.groupCollapsed("baz");
    baz
         --- console.groupEnd();
     --- console.groupEnd();
------- Testing formatter -------
 --- console.log("%f", 23);
23
 --- console.log('bjoern and robert are born on the %fst dec', 1.234);
bjoern and robert are born on the 1.234st dec
 --- console.log("%f", null);
NaN
 --- console.log("%d", null);
NaN
 --- console.log('bjoern and robert are born on the %dst dec', "foo");
bjoern and robert are born on the NaNst dec
 --- console.log("%s %snewword", "duck");
duck %snewword
 --- console.assert(false, "robert keeps %s on his balcony", "plaices");
Assertion failed: robert keeps plaices on his balcony
 --- console.assert(false, "robert keeps %s on his balcony", {foo: "bar"});
Assertion failed: robert keeps [object Object] on his balcony
------- Testing console.count -------
 --- console.count();
default: 1
 --- console.countReset("default");
 --- console.count("default");
default: 1
 --- console.count('foo');
foo: 1
 --- console.count('foo');
foo: 2
 --- console.count({});
[object Object]: 1
 --- console.count([]);
: 1
 --- console.count();
default: 2
 --- console.count("");
: 2
 --- console.count(null);
null: 1
 --- console.count(undefined);
default: 3
------- Testing console.time -------
 --- console.time();
 --- console.time(undefined);
Timer 'default' already exists
 --- console.time(null);
------- Testing console.timeLog -------
 --- console.timeLog();
default: 0ms
 --- console.timeLog(undefined);
default: 0ms
 --- console.timeLog(null);
null: 0ms
------- Testing console.timeEnd -------
 --- console.timeEnd();
default: 0ms
 --- console.timeEnd(null);
null: 0ms
 --- console.timeEnd(undefined);
Timer 'default' does not exist
 --- Finish testing console.time
------- Testing console.table -------
 --- console.table("the plaice living on the balcony");
the plaice living on the balcony
 --- console.table(new Set([{name: "terin", owner: false}, {name: "robert", owner: false}, {name: "domenic", owner: true}]));
â”Œâ”€â”€â”€â”€â”€â”€â”€â”€â”€â”€â”€â”€â”¬â”€â”€â”€â”€â”€â”€â”€â”€â”€â”€â”€â”¬â”€â”€â”€â”€â”€â”€â”€â”
â”‚ (iter idx) â”‚ name      â”‚ owner â”‚
â”œâ”€â”€â”€â”€â”€â”€â”€â”€â”€â”€â”€â”€â”¼â”€â”€â”€â”€â”€â”€â”€â”€â”€â”€â”€â”¼â”€â”€â”€â”€â”€â”€â”€â”¤
â”‚          0 â”‚ "terin"   â”‚ false â”‚
â”‚          1 â”‚ "robert"  â”‚ false â”‚
â”‚          2 â”‚ "domenic" â”‚ true  â”‚
â””â”€â”€â”€â”€â”€â”€â”€â”€â”€â”€â”€â”€â”´â”€â”€â”€â”€â”€â”€â”€â”€â”€â”€â”€â”´â”€â”€â”€â”€â”€â”€â”€â”˜
 --- console.table([[1, 2, 3, 4], [5, 6, 7, 8]], 2, 3);
[0m[1m[31merror[0m: Uncaught Error: The 'properties' argument must be of type Array. Received type string
  console.table([[1, 2, 3, 4], [5, 6, 7, 8]], 2, 3);
[0m[31m          ^[0m
    at [0m[1m[3mconsole.table[0m ([0m[36mext:deno_console/01_console.js[0m:[0m[33m3324[0m:[0m[33m13[0m)
    at [0m[1m[3mtest_console_table[0m ([0m[36mfile://~/js-console-tests/output-check.js[0m:[0m[33m143[0m:[0m[33m11[0m)
    at [0m[36mfile://~/js-console-tests/output-check.js[0m:[0m[33m239[0m:[0m[33m1[0m
 $ Running wpt4repl/console-count-logging-REPL-output.js
** Checking console.count
   It should contain four entries whose contents are:
   default: 1
   default: 2
   default: 3
   default: 4
   --- Test start --- 
default: 1
default: 2
default: 3
default: 4
   --- Test end --- 
 $ Running wpt4repl/console-countReset-logging-REPL-output.js
** Checking console.countReset
   It should contain entries whose contents are:
   default: 1
   default: 1
   default: 1
   default: 1
   default: 1
   default: 1
   default: 1
   default: 1
   a label: 1
   a label: 1
   [some warning message indicating that a count for label "b" does not exist]
   --- Test start --- 
default: 1
default: 1
default: 2
default: 1
default: 2
default: 1
default: 2
default: 1
a label: 1
a label: 2
Count for 'b' does not exist
   --- Test end --- 
 $ Running wpt4repl/console-log-shadowrealm-REPL-output.js
** Checking log in a new ShadowRealm
   It should contain one entry saying "test passed".
   --- Test start --- 
[0m[1m[31merror[0m: Uncaught ReferenceError: ShadowRealm is not defined
const sr = new ShadowRealm();
[0m[31m           ^[0m
    at [0m[36mfile://~/js-console-tests/wpt4repl/console-log-shadowrealm-REPL-output.js[0m:[0m[33m10[0m:[0m[33m12[0m
 $ Running wpt4repl/console-timing-logging-REPL-output.js
** Checking console timing methods
   It should contain entries whose contents are:
   default: <some time>
   default: <some time>
   default: <some time>
   default: <some time> extra data
   default: <some time>
   default: <some time>
   default: <some time> extra data
   default: <some time>
   default: <some time>
   default: <some time> extra data
   default: <some time>
   custom toString(): <some time>
   custom toString(): <some time> extra data
   custom toString(): <some time>
   a label: <some time>
   a label: <some time> extra data
   a label: <some time>
   [some warning message indicating that a timer for label "b" does not exist]
   --- Test start --- 
default: 0ms
default: 0ms
default: 0ms
default: 0ms extra data
default: 0ms
default: 0ms
default: 0ms extra data
default: 0ms
default: 0ms
default: 0ms extra data
default: 0ms
custom toString(): 0ms
custom toString(): 0ms extra data
custom toString(): 0ms
a label: 0ms
a label: 0ms extra data
a label: 0ms
Timer 'b' does not exists
Timer 'b' does not exist
   --- Test end --- 
 $ Running wpt4repl/console-number-format-specifiers-symbol-REPL-output.js
** Checking formatter and format specifiers
   It should contain 15 entries, each of which are:
   NaN
   --- Test start --- 
[0m[1m[31merror[0m: Uncaught ReferenceError: method is not defined
for (method of methods) {
[0m[31m     ^[0m
    at [0m[36mfile://~/js-console-tests/wpt4repl/console-number-format-specifiers-symbol-REPL-output.js[0m:[0m[33m14[0m:[0m[33m6[0m
 $ Running wpt4repl/console-number-format-specifiers-symbol--deno-REPL-output.js
** Checking formatter and format specifiers
   It should contain 15 entries, each of which are:
   NaN
   --- Test start --- 
   --- Test using `for (let method ...)` --- 
Testing log
NaN
NaN
NaN
Testing dirxml
%i
%d
%f
Testing trace
Trace: NaN
    at file://~/js-console-tests/wpt4repl/console-number-format-specifiers-symbol--deno-REPL-output.js:19:18
Trace: NaN
    at file://~/js-console-tests/wpt4repl/console-number-format-specifiers-symbol--deno-REPL-output.js:21:18
Trace: NaN
    at file://~/js-console-tests/wpt4repl/console-number-format-specifiers-symbol--deno-REPL-output.js:23:18
Testing group
NaN
NaN
NaN
Testing groupCollapsed
NaN
NaN
NaN
   --- Test using `for (const method ...)` --- 
Testing log
NaN
NaN
NaN
Testing dirxml
%i
%d
%f
Testing trace
Trace: NaN
    at file://~/js-console-tests/wpt4repl/console-number-format-specifiers-symbol--deno-REPL-output.js:31:18
Trace: NaN
    at file://~/js-console-tests/wpt4repl/console-number-format-specifiers-symbol--deno-REPL-output.js:33:18
Trace: NaN
    at file://~/js-console-tests/wpt4repl/console-number-format-specifiers-symbol--deno-REPL-output.js:35:18
Testing group
NaN
NaN
NaN
Testing groupCollapsed
NaN
NaN
NaN
   --- Test end --- 
 $ Running wpt4repl/console-string-format-specifier-symbol-REPL-output.js
** Checking console string format specifier with Symbol
   It should contain five entries, each of which are:
   Symbol(description)
   --- Test start --- 
Symbol(description)
%s
Trace: Symbol(description)
    at file://~/js-console-tests/wpt4repl/console-string-format-specifier-symbol-REPL-output.js:13:9
Symbol(description)
Symbol(description)
   --- Test end --- 
 $ ----------- Finished running test files.
 $ --------- Output tests completed.
